
> build
> vite build

vite v3.2.11 building for production...
transforming...
Browserslist: caniuse-lite is outdated. Please run:
  npx update-browserslist-db@latest
  Why you should do it regularly: https://github.com/browserslist/update-db#readme
✓ 1728 modules transformed.
rendering chunks...
The emitted file "assets/Index.cb32b0f1.css" overwrites a previously emitted file of the same name.
public/build/manifest.json                                                    172.05 KiB
public/build/assets/Button.b6c86ae8.js                                        0.37 KiB / gzip: 0.28 KiB
public/build/assets/Create.cc782abf.js                                        2.07 KiB / gzip: 1.05 KiB
public/build/assets/FormInput.1ee6ff67.js                                     1.22 KiB / gzip: 0.65 KiB
public/build/assets/CheckCircleIcon.3ebcbf9f.js                               0.43 KiB / gzip: 0.31 KiB
public/build/assets/FormTextarea.0cc8f002.js                                  1.03 KiB / gzip: 0.59 KiB
public/build/assets/RectangleStackIcon.2a157176.js                            0.58 KiB / gzip: 0.36 KiB
public/build/assets/ArrowPathIcon.7765540d.js                                 0.66 KiB / gzip: 0.40 KiB
public/build/assets/Authenticated.b82e75d9.js                                 43.73 KiB / gzip: 12.13 KiB
public/build/assets/XMarkIcon.609a893d.js                                     33.70 KiB / gzip: 11.66 KiB
public/build/assets/use-resolve-button-type.a493257b.js                       0.45 KiB / gzip: 0.29 KiB
public/build/assets/DatePicker.9e4a3006.js                                    2.80 KiB / gzip: 1.06 KiB
public/build/assets/AttachmentList.e0cb8373.js                                4.47 KiB / gzip: 1.69 KiB
public/build/assets/MultiSelect.cf17bbe1.js                                   1.75 KiB / gzip: 0.77 KiB
public/build/assets/ArrowUpCircleIcon.68ef6d89.js                             0.45 KiB / gzip: 0.32 KiB
public/build/assets/PlusCircleIcon.97451a02.js                                0.43 KiB / gzip: 0.29 KiB
public/build/assets/BackspaceIcon.44159fc9.js                                 0.60 KiB / gzip: 0.36 KiB
public/build/assets/PencilSquareIcon.106d2a4a.js                              0.61 KiB / gzip: 0.40 KiB
public/build/assets/Edit.eba19134.js                                          52.15 KiB / gzip: 9.68 KiB
public/build/assets/XCircleIcon.b55af92d.js                                   0.49 KiB / gzip: 0.32 KiB
public/build/assets/DropzoneFileInput.7f9bf4ba.js                             37.23 KiB / gzip: 11.80 KiB
public/build/assets/Index.e9ed3d01.js                                         10.50 KiB / gzip: 3.58 KiB
public/build/assets/Paginator.3008bad4.js                                     3.62 KiB / gzip: 1.16 KiB
public/build/assets/TableHead.e54e41bd.js                                     0.56 KiB / gzip: 0.39 KiB
public/build/assets/TableData.3c1bedb3.js                                     0.54 KiB / gzip: 0.38 KiB
public/build/assets/TableHeadSort.d13d677b.js                                 1.27 KiB / gzip: 0.66 KiB
public/build/assets/PlusIcon.bb4d84cc.js                                      0.36 KiB / gzip: 0.26 KiB
public/build/assets/MagnifyingGlassIcon.f5c8b53f.js                           0.41 KiB / gzip: 0.30 KiB
public/build/assets/TrashIcon.050ad9fe.js                                     0.79 KiB / gzip: 0.47 KiB
public/build/assets/ConfirmPassword.86f03091.js                               1.14 KiB / gzip: 0.65 KiB
public/build/assets/Guest.9a226620.js                                         0.83 KiB / gzip: 0.52 KiB
public/build/assets/ValidationErrors.f8b55f4e.js                              1.19 KiB / gzip: 0.66 KiB
public/build/assets/Login.21023118.js                                         2.53 KiB / gzip: 1.18 KiB
public/build/assets/ForgotPassword.ef4a5b35.js                                1.32 KiB / gzip: 0.76 KiB
public/build/assets/Register.03f19d8d.js                                      2.28 KiB / gzip: 0.86 KiB
public/build/assets/ResetPassword.982887b2.js                                 1.70 KiB / gzip: 0.72 KiB
public/build/assets/VerifyEmail.9e333507.js                                   1.33 KiB / gzip: 0.76 KiB
public/build/assets/Form.f607b58d.js                                          3.82 KiB / gzip: 1.64 KiB
public/build/assets/Modal.58323dd5.js                                         2.02 KiB / gzip: 0.91 KiB
public/build/assets/ArrowUturnLeftIcon.ae23cb38.js                            0.51 KiB / gzip: 0.34 KiB
public/build/assets/Create.ed24e007.js                                        1.23 KiB / gzip: 0.67 KiB
public/build/assets/Index.ec8e5084.js                                         7.27 KiB / gzip: 2.67 KiB
public/build/assets/Edit.01198798.js                                          1.41 KiB / gzip: 0.77 KiB
public/build/assets/Form.31ed5aa6.js                                          12.32 KiB / gzip: 3.62 KiB
public/build/assets/Index.06d600f9.js                                         10.72 KiB / gzip: 3.35 KiB
public/build/assets/Form.45073c83.js                                          2.44 KiB / gzip: 1.12 KiB
public/build/assets/SearchInput.df5d2a93.js                                   0.63 KiB / gzip: 0.40 KiB
public/build/assets/Form.746f1ee1.js                                          4.51 KiB / gzip: 1.64 KiB
public/build/assets/Form.c490cb70.js                                          3.68 KiB / gzip: 1.48 KiB
public/build/assets/Index.ee7550e6.js                                         6.38 KiB / gzip: 2.47 KiB
public/build/assets/Form.48a5de00.js                                          2.73 KiB / gzip: 1.19 KiB
public/build/assets/Index.4ff8685d.js                                         7.44 KiB / gzip: 2.67 KiB
public/build/assets/_plugin-vue_export-helper.cdc0426e.js                     0.09 KiB / gzip: 0.10 KiB
public/build/assets/ApiDocs.bd750550.js                                       1.06 KiB / gzip: 0.69 KiB
public/build/assets/ExchangeRate.2042b30a.js                                  3.19 KiB / gzip: 1.48 KiB
public/build/assets/Index.ac0f06f5.js                                         7.15 KiB / gzip: 2.63 KiB
public/build/assets/Form.6611e7fc.js                                          3.40 KiB / gzip: 1.27 KiB
public/build/assets/Index.47dfa7f4.js                                         7.69 KiB / gzip: 2.71 KiB
public/build/assets/Index.a47ff536.js                                         7.66 KiB / gzip: 2.59 KiB
public/build/assets/SearchAddressInput.cdb019a7.js                            2.31 KiB / gzip: 1.23 KiB
public/build/assets/ExclamationCircleIcon.d0fe2bfb.js                         0.42 KiB / gzip: 0.30 KiB
public/build/assets/ArrowTopRightOnSquareIcon.86bd26ea.js                     0.69 KiB / gzip: 0.38 KiB
public/build/assets/MagnifyingGlassCircleIcon.d0fccb49.js                     0.45 KiB / gzip: 0.32 KiB
public/build/assets/calculate-active-index.94f08af1.js                        1.37 KiB / gzip: 0.70 KiB
public/build/assets/Create.4adbb53f.js                                        27.01 KiB / gzip: 6.99 KiB
public/build/assets/ClockIcon.59fa8e16.js                                     0.39 KiB / gzip: 0.29 KiB
public/build/assets/AttachmentListProductMapping.c2e707d2.js                  4.41 KiB / gzip: 1.67 KiB
public/build/assets/ArrowDownTrayIcon.eef652e7.js                             0.57 KiB / gzip: 0.35 KiB
public/build/assets/StopCircleIcon.c9e11ae1.js                                0.42 KiB / gzip: 0.29 KiB
public/build/assets/combobox.250ceda6.js                                      29.84 KiB / gzip: 9.30 KiB
public/build/assets/LockOpenIcon.db418201.js                                  0.44 KiB / gzip: 0.31 KiB
public/build/assets/LockClosedIcon.09fc6b43.js                                0.42 KiB / gzip: 0.30 KiB
public/build/assets/MinusCircleIcon.c94a4a83.js                               0.37 KiB / gzip: 0.28 KiB
public/build/assets/Form.1e0f46f5.js                                          0.15 KiB / gzip: 0.14 KiB
public/build/assets/MapMarker.7e29a692.js                                     3.89 KiB / gzip: 2.04 KiB
public/build/assets/SingleSortItem.9d83e08d.js                                1.05 KiB / gzip: 0.54 KiB
public/build/assets/MapPinIcon.01d51c3b.js                                    0.66 KiB / gzip: 0.44 KiB
public/build/assets/Index.4364b5af.js                                         34.88 KiB / gzip: 8.03 KiB
public/build/assets/Performance.c3862c17.js                                   15.85 KiB / gzip: 5.33 KiB
public/build/assets/MentionTextarea.202a37f1.js                               4.19 KiB / gzip: 2.03 KiB
public/build/assets/ChevronDoubleUpIcon.9080172f.js                           0.95 KiB / gzip: 0.38 KiB
public/build/assets/BellAlertIcon.2857b559.js                                 1.22 KiB / gzip: 0.55 KiB
public/build/assets/ChevronDownIcon.9c3350dc.js                               0.41 KiB / gzip: 0.29 KiB
public/build/assets/PauseCircleIcon.5f5c3b3f.js                               0.52 KiB / gzip: 0.30 KiB
public/build/assets/ChannelOverview.e9738bea.js                               8.33 KiB / gzip: 2.29 KiB
public/build/assets/PlayCircleIcon.9c3f807f.js                                0.43 KiB / gzip: 0.30 KiB
public/build/assets/Create.b8cbd1f5.js                                        13.87 KiB / gzip: 3.74 KiB
public/build/assets/Dashboard.3638f1f0.js                                     32.85 KiB / gzip: 8.77 KiB
public/build/assets/EditItem.e972ce06.js                                      4.79 KiB / gzip: 1.86 KiB
public/build/assets/Edit.453ac814.js                                          21.88 KiB / gzip: 5.29 KiB
public/build/assets/Index.c3039253.js                                         10.09 KiB / gzip: 3.21 KiB
public/build/assets/Create.6fa61aca.js                                        5.35 KiB / gzip: 2.01 KiB
public/build/assets/DatetimePicker.492bd6b3.js                                0.83 KiB / gzip: 0.48 KiB
public/build/assets/Complaint.de142c39.js                                     2.92 KiB / gzip: 0.99 KiB
public/build/assets/Index.69689da2.js                                         9.87 KiB / gzip: 3.10 KiB
public/build/assets/StatusModal.b2a93398.js                                   3.53 KiB / gzip: 1.31 KiB
public/build/assets/Edit.316a7739.js                                          14.17 KiB / gzip: 3.73 KiB
public/build/assets/Edit.3a849dfb.js                                          28.14 KiB / gzip: 5.95 KiB
public/build/assets/Create.30fb557b.js                                        2.87 KiB / gzip: 1.35 KiB
public/build/assets/Index.0f859eea.js                                         10.22 KiB / gzip: 2.96 KiB
public/build/assets/ChannelOverview.cbbd29c6.js                               8.04 KiB / gzip: 2.32 KiB
public/build/assets/Edit.e3e6d138.js                                          6.43 KiB / gzip: 2.53 KiB
public/build/assets/Edit.1c381367.js                                          4.96 KiB / gzip: 1.95 KiB
public/build/assets/Create.c8443458.js                                        4.28 KiB / gzip: 1.74 KiB
public/build/assets/Index.92ade77e.js                                         15.25 KiB / gzip: 4.31 KiB
public/build/assets/Form.5ea3d51f.js                                          3.42 KiB / gzip: 1.35 KiB
public/build/assets/Form.840942e1.js                                          4.45 KiB / gzip: 1.77 KiB
public/build/assets/Form.95b79c3b.js                                          2.79 KiB / gzip: 1.23 KiB
public/build/assets/Index.4a3ef690.js                                         8.08 KiB / gzip: 2.92 KiB
public/build/assets/Form.18d8975e.js                                          2.91 KiB / gzip: 1.26 KiB
public/build/assets/Index.637f9e25.js                                         7.32 KiB / gzip: 2.76 KiB
public/build/assets/Form.28fa6076.js                                          2.49 KiB / gzip: 1.15 KiB
public/build/assets/Index.28dc67e5.js                                         6.66 KiB / gzip: 2.55 KiB
public/build/assets/Index.76281b27.js                                         6.56 KiB / gzip: 2.53 KiB
public/build/assets/Index.982b18bc.js                                         9.76 KiB / gzip: 3.65 KiB
public/build/assets/Form.ea9265c6.js                                          3.80 KiB / gzip: 1.59 KiB
public/build/assets/Index.c91e7752.js                                         13.90 KiB / gzip: 4.39 KiB
public/build/assets/Index.dddc809d.js                                         7.02 KiB / gzip: 2.64 KiB
public/build/assets/Form.e264a81e.js                                          3.46 KiB / gzip: 1.48 KiB
public/build/assets/Index.c6516593.js                                         4.22 KiB / gzip: 1.79 KiB
public/build/assets/Index.57f41c2c.js                                         29.37 KiB / gzip: 10.29 KiB
public/build/assets/Index.45d94529.js                                         9.16 KiB / gzip: 3.18 KiB
public/build/assets/Index.2ea4ac44.js                                         8.84 KiB / gzip: 3.44 KiB
public/build/assets/Create.2b7bffd6.js                                        4.33 KiB / gzip: 1.70 KiB
public/build/assets/Index.5497ac50.js                                         9.20 KiB / gzip: 3.11 KiB
public/build/assets/Form.1b32b1e5.js                                          4.90 KiB / gzip: 2.00 KiB
public/build/assets/Index.d4708233.js                                         8.01 KiB / gzip: 2.88 KiB
public/build/assets/Form.2eb3c535.js                                          24.66 KiB / gzip: 4.73 KiB
public/build/assets/BatchChangeDriver.6c26c19d.js                             3.99 KiB / gzip: 1.76 KiB
public/build/assets/FlagIcon.24f3d5f7.js                                      1.20 KiB / gzip: 0.52 KiB
public/build/assets/ChangeDriver.0e0a3e50.js                                  3.42 KiB / gzip: 1.58 KiB
public/build/assets/ClipboardDocumentCheckIcon.da546832.js                    0.76 KiB / gzip: 0.43 KiB
public/build/assets/PickList.0b764041.js                                      4.72 KiB / gzip: 1.78 KiB
public/build/assets/vendThresholds.0977a1e9.js                                0.03 KiB / gzip: 0.05 KiB
public/build/assets/BarsArrowDownIcon.ba717c5d.js                             0.66 KiB / gzip: 0.36 KiB
public/build/assets/LinkIcon.e2354440.js                                      0.62 KiB / gzip: 0.36 KiB
public/build/assets/Edit.34264a9e.js                                          37.92 KiB / gzip: 8.65 KiB
public/build/assets/PaperClipIcon.879ec648.js                                 0.59 KiB / gzip: 0.38 KiB
public/build/assets/Form.30789794.js                                          3.59 KiB / gzip: 1.65 KiB
public/build/assets/Channel.41edfcd3.js                                       37.79 KiB / gzip: 7.00 KiB
public/build/assets/Index.ae4e00c9.js                                         18.89 KiB / gzip: 4.40 KiB
public/build/assets/Index.da3ff901.js                                         24.46 KiB / gzip: 6.58 KiB
public/build/assets/ArrowRightCircleIcon.c2b8c09a.js                          0.45 KiB / gzip: 0.31 KiB
public/build/assets/Edit.30ff7c10.js                                          56.05 KiB / gzip: 13.03 KiB
public/build/assets/Form.f77069b2.js                                          2.46 KiB / gzip: 1.12 KiB
public/build/assets/Route.8192fbd6.js                                         21.81 KiB / gzip: 6.87 KiB
public/build/assets/Summary.adaf2787.js                                       18.70 KiB / gzip: 3.68 KiB
public/build/assets/Route_BK.f053586c.js                                      20.22 KiB / gzip: 6.36 KiB
public/build/assets/Form.cffb2c6d.js                                          2.41 KiB / gzip: 1.11 KiB
public/build/assets/Index.9b7df469.js                                         6.50 KiB / gzip: 2.50 KiB
public/build/assets/Index.f1ee0469.js                                         6.43 KiB / gzip: 2.48 KiB
public/build/assets/Form.09691400.js                                          0.15 KiB / gzip: 0.14 KiB
public/build/assets/Index.1348232f.js                                         0.15 KiB / gzip: 0.14 KiB
public/build/assets/FolderPlusIcon.f8f3dbda.js                                1.06 KiB / gzip: 0.48 KiB
public/build/assets/FlavourBinding.6a6e2945.js                                5.87 KiB / gzip: 2.41 KiB
public/build/assets/HistoryButton.e9248425.js                                 6.23 KiB / gzip: 2.54 KiB
public/build/assets/ClockIcon.1bcf5eaa.js                                     0.37 KiB / gzip: 0.28 KiB
public/build/assets/Create.af15e539.js                                        21.93 KiB / gzip: 5.05 KiB
public/build/assets/XMarkIcon.ec416b53.js                                     0.34 KiB / gzip: 0.26 KiB
public/build/assets/Uom.9b9244d3.js                                           3.95 KiB / gzip: 1.64 KiB
public/build/assets/Edit.cea44103.js                                          25.42 KiB / gzip: 6.09 KiB
public/build/assets/Form.292ddf56.js                                          22.19 KiB / gzip: 5.11 KiB
public/build/assets/DocumentDuplicateIcon.03b0824c.js                         0.57 KiB / gzip: 0.36 KiB
public/build/assets/Index.1b7ab797.js                                         14.01 KiB / gzip: 4.15 KiB
public/build/assets/SmartFreezerLayout.260f6627.js                            8.17 KiB / gzip: 2.99 KiB
public/build/assets/Edit.0b025da3.js                                          20.10 KiB / gzip: 5.84 KiB
public/build/assets/FlavourBinding.3faa938f.js                                6.27 KiB / gzip: 2.56 KiB
public/build/assets/PhotoIcon.148a855d.js                                     0.61 KiB / gzip: 0.38 KiB
public/build/assets/Form.4eb4c837.js                                          10.18 KiB / gzip: 3.21 KiB
public/build/assets/AttachmentOverview.ed0991bb.js                            3.33 KiB / gzip: 1.40 KiB
public/build/assets/VendForm.0cfca08a.js                                      7.31 KiB / gzip: 2.65 KiB
public/build/assets/Table.605a3945.js                                         5.20 KiB / gzip: 1.63 KiB
public/build/assets/Index.56064a0c.js                                         19.83 KiB / gzip: 5.53 KiB
public/build/assets/ArrowLeftIcon.2cfd1ab0.js                                 0.43 KiB / gzip: 0.29 KiB
public/build/assets/Form.fb4bee32.js                                          0.15 KiB / gzip: 0.14 KiB
public/build/assets/InputError.ef85a918.js                                    0.25 KiB / gzip: 0.21 KiB
public/build/assets/IncomingHistory.5af07b53.js                               5.49 KiB / gzip: 2.08 KiB
public/build/assets/MagnifyingGlassIcon.6955772e.js                           0.44 KiB / gzip: 0.31 KiB
public/build/assets/IncomingBatchDetail.ff72f979.js                           4.58 KiB / gzip: 1.61 KiB
public/build/assets/ArrowDownTrayIcon.4a045375.js                             0.60 KiB / gzip: 0.34 KiB
public/build/assets/Index.e328cef7.js                                         0.15 KiB / gzip: 0.14 KiB
public/build/assets/BatchIncoming.07067007.js                                 7.89 KiB / gzip: 2.77 KiB
public/build/assets/Form.c9ecdc69.js                                          9.06 KiB / gzip: 2.43 KiB
public/build/assets/TrackingDetails.44a8671e.js                               10.15 KiB / gzip: 3.16 KiB
public/build/assets/Index.1cfe2e24.js                                         7.37 KiB / gzip: 2.66 KiB
public/build/assets/Index.20099217.js                                         5.32 KiB / gzip: 2.11 KiB
public/build/assets/Index.6d8e21c2.js                                         34.46 KiB / gzip: 9.49 KiB
public/build/assets/Form.bd39b5d9.js                                          28.98 KiB / gzip: 9.06 KiB
public/build/assets/IndexCategory.9b9775ce.js                                 19.44 KiB / gzip: 4.45 KiB
public/build/assets/Show.676ac7ad.js                                          18.70 KiB / gzip: 5.38 KiB
public/build/assets/IndexProduct.9f82e1b7.js                                  18.98 KiB / gzip: 4.45 KiB
public/build/assets/Show.16f4d572.js                                          42.61 KiB / gzip: 11.38 KiB
public/build/assets/IndexLocationType.5551504f.js                             18.84 KiB / gzip: 4.43 KiB
public/build/assets/IndexVm.be55425b.js                                       19.16 KiB / gzip: 4.52 KiB
public/build/assets/ChannelOverview.03e28bb8.js                               11.15 KiB / gzip: 3.19 KiB
public/build/assets/IndexSnapshot.a5df0a12.js                                 16.69 KiB / gzip: 5.15 KiB
public/build/assets/CheckCircleIcon.283dcae0.js                               0.50 KiB / gzip: 0.34 KiB
public/build/assets/ErrorList.8f9cd675.js                                     2.20 KiB / gzip: 0.99 KiB
public/build/assets/IndexStockCountDashboard.0c04752d.js                      9.95 KiB / gzip: 3.40 KiB
public/build/assets/IndexProduct.0b0e175b.js                                  18.66 KiB / gzip: 3.66 KiB
public/build/assets/Index.69569544.js                                         25.51 KiB / gzip: 6.69 KiB
public/build/assets/IndexStockCount.56859182.js                               28.26 KiB / gzip: 6.21 KiB
public/build/assets/Form.90216307.js                                          2.72 KiB / gzip: 1.18 KiB
public/build/assets/Index.74bb3203.js                                         9.44 KiB / gzip: 3.05 KiB
public/build/assets/Form.15794686.js                                          2.34 KiB / gzip: 1.10 KiB
public/build/assets/Index.2156a2d1.js                                         6.31 KiB / gzip: 2.47 KiB
public/build/assets/Create.0bf9ecf5.js                                        4.78 KiB / gzip: 2.16 KiB
public/build/assets/VendLogModal.cf89e1ca.js                                  4.67 KiB / gzip: 2.03 KiB
public/build/assets/Index.371b1e5f.js                                         56.62 KiB / gzip: 13.45 KiB
public/build/assets/Form.8ed70736.js                                          4.72 KiB / gzip: 1.78 KiB
public/build/assets/Parameter.588000c6.js                                     19.43 KiB / gzip: 3.76 KiB
public/build/assets/Index.b05798b4.js                                         32.94 KiB / gzip: 6.56 KiB
public/build/assets/Index.31bf0f9a.js                                         4.92 KiB / gzip: 2.02 KiB
public/build/assets/Index.239f8ce3.js                                         8.64 KiB / gzip: 2.82 KiB
public/build/assets/Form.dde75220.js                                          2.36 KiB / gzip: 1.10 KiB
public/build/assets/Show.10fee564.js                                          10.61 KiB / gzip: 3.84 KiB
public/build/assets/Edit.cfc8cd17.js                                          58.49 KiB / gzip: 12.85 KiB
public/build/assets/Index.22425c43.js                                         11.64 KiB / gzip: 4.03 KiB
public/build/assets/Form.c77d0e83.js                                          2.86 KiB / gzip: 1.27 KiB
public/build/assets/Index.c28669b7.js                                         6.36 KiB / gzip: 2.47 KiB
public/build/assets/Form.77bddfb3.js                                          2.56 KiB / gzip: 1.14 KiB
public/build/assets/Index.52669f4e.js                                         7.05 KiB / gzip: 2.75 KiB
public/build/assets/Index.f9fae299.js                                         6.49 KiB / gzip: 2.49 KiB
public/build/assets/Form.9a0b2d59.js                                          2.35 KiB / gzip: 1.10 KiB
public/build/assets/Index.36175510.js                                         6.33 KiB / gzip: 2.47 KiB
public/build/assets/Form.c79a649d.js                                          0.15 KiB / gzip: 0.14 KiB
public/build/assets/Index.a909e43c.js                                         0.76 KiB / gzip: 0.47 KiB
public/build/assets/Index.dc932367.js                                         5.05 KiB / gzip: 2.11 KiB
public/build/assets/Form.71812564.js                                          2.55 KiB / gzip: 1.14 KiB
public/build/assets/Index.a4451ffa.js                                         6.28 KiB / gzip: 2.47 KiB
public/build/assets/Edit.0bc1714a.js                                          11.29 KiB / gzip: 3.50 KiB
public/build/assets/Form.372a6505.js                                          9.78 KiB / gzip: 3.07 KiB
public/build/assets/Form.3d7f1fdf.js                                          3.06 KiB / gzip: 1.25 KiB
public/build/assets/Index.68631a81.js                                         9.84 KiB / gzip: 3.25 KiB
public/build/assets/EllipsisHorizontalCircleIcon.042ef8f8.js                  0.41 KiB / gzip: 0.28 KiB
public/build/assets/AssignJob.f0dd0e90.js                                     3.20 KiB / gzip: 1.58 KiB
public/build/assets/Create.896657c0.js                                        2.45 KiB / gzip: 1.11 KiB
public/build/assets/DailySummary.40222fd8.js                                  15.53 KiB / gzip: 4.81 KiB
public/build/assets/Edit.ea50e147.js                                          16.04 KiB / gzip: 5.04 KiB
public/build/assets/Form.4ec3c0d9.js                                          6.99 KiB / gzip: 2.46 KiB
public/build/assets/IndexComponent.81bc321f.js                                63.08 KiB / gzip: 11.78 KiB
public/build/assets/Index.8b14259e.js                                         68.31 KiB / gzip: 13.55 KiB
public/build/assets/IndexLatest.c0589c6a.js                                   11.58 KiB / gzip: 3.32 KiB
public/build/assets/OpsPerformance.17a23ce6.js                                13.05 KiB / gzip: 3.93 KiB
public/build/assets/ArrowUpTrayIcon.dc4ba560.js                               0.57 KiB / gzip: 0.36 KiB
public/build/assets/BlindFlavourChips.6f490f37.js                             1.92 KiB / gzip: 0.99 KiB
public/build/assets/PaymentGatewayTransaction.e16cb286.js                     18.86 KiB / gzip: 5.03 KiB
public/build/assets/SmartFreezerChannelOverview.e1e60204.js                   5.06 KiB / gzip: 2.10 KiB
public/build/assets/ProductAvailability.b370f6b5.js                           22.97 KiB / gzip: 6.29 KiB
public/build/assets/SiteGrouping.ce5a57ae.js                                  9.66 KiB / gzip: 3.67 KiB
public/build/assets/ProductMovement.75812a39.js                               27.38 KiB / gzip: 7.23 KiB
public/build/assets/Form.67616530.js                                          2.84 KiB / gzip: 1.22 KiB
public/build/assets/Index.c20d2377.js                                         6.04 KiB / gzip: 2.31 KiB
public/build/assets/Create.530d6cfa.js                                        2.75 KiB / gzip: 1.33 KiB
public/build/assets/Temp.cc61cd0e.js                                          20.78 KiB / gzip: 7.11 KiB
public/build/assets/Edit.d5f87faa.js                                          9.92 KiB / gzip: 3.13 KiB
public/build/assets/Form.814120b0.js                                          3.68 KiB / gzip: 1.57 KiB
public/build/assets/Transaction.60bd9dda.js                                   46.06 KiB / gzip: 9.58 KiB
public/build/assets/Index.dd16db54.js                                         12.30 KiB / gzip: 3.79 KiB
public/build/assets/Form.afdfd298.js                                          2.71 KiB / gzip: 1.19 KiB
public/build/assets/Index.0fd438c5.js                                         7.00 KiB / gzip: 2.64 KiB
public/build/assets/Index.7f84f5e8.js                                         4.00 KiB / gzip: 1.64 KiB
public/build/assets/Index.8a4b99a8.js                                         9.96 KiB / gzip: 3.02 KiB
public/build/assets/Form.7d8e7dd6.js                                          2.68 KiB / gzip: 1.18 KiB
public/build/assets/Form.eb14cc00.js                                          2.95 KiB / gzip: 1.30 KiB
public/build/assets/Form.7a7ef345.js                                          0.15 KiB / gzip: 0.14 KiB
public/build/assets/Index.6b580e25.js                                         6.94 KiB / gzip: 2.63 KiB
public/build/assets/Index.bdf6e0c0.js                                         0.15 KiB / gzip: 0.14 KiB
public/build/assets/Form.b0c4a5c5.js                                          4.72 KiB / gzip: 1.89 KiB
public/build/assets/Form.db0db16a.js                                          3.53 KiB / gzip: 1.49 KiB
public/build/assets/Index.faae20f0.js                                         10.54 KiB / gzip: 3.40 KiB
public/build/assets/Form.21c78d42.js                                          2.67 KiB / gzip: 1.17 KiB
public/build/assets/Index.34182686.js                                         19.96 KiB / gzip: 5.13 KiB
public/build/assets/Form.e4edb011.js                                          0.15 KiB / gzip: 0.14 KiB
public/build/assets/Index.149cc547.js                                         6.89 KiB / gzip: 2.57 KiB
public/build/assets/Index.cbe90b39.js                                         0.15 KiB / gzip: 0.14 KiB
public/build/assets/Index.6e79d3e0.js                                         11.18 KiB / gzip: 3.12 KiB
public/build/assets/Welcome.be052fef.js                                       12.48 KiB / gzip: 4.01 KiB
public/build/assets/Form.337efb56.js                                          2.39 KiB / gzip: 1.11 KiB
public/build/assets/IndexStockCount.7c9f8c42.css                              0.04 KiB / gzip: 0.06 KiB
public/build/assets/Create.aecf414f.js                                        16.78 KiB / gzip: 4.44 KiB
public/build/assets/Edit.350450b2.js                                          22.54 KiB / gzip: 6.05 KiB
public/build/assets/Index.9dfd9170.css                                        0.10 KiB / gzip: 0.10 KiB
public/build/assets/Index.079b0a5b.js                                         6.32 KiB / gzip: 2.47 KiB
public/build/assets/Welcome.b7da5231.css                                      1.23 KiB / gzip: 0.35 KiB
public/build/assets/Index.cb32b0f1.css                                        0.45 KiB / gzip: 0.23 KiB
public/build/assets/CustomerIndex.743e67ae.css                                0.75 KiB / gzip: 0.35 KiB
public/build/assets/DropzoneFileInput.5033d0bf.css                            4.64 KiB / gzip: 1.29 KiB
public/build/assets/Form.d2607e12.css                                         15.15 KiB / gzip: 3.28 KiB
public/build/assets/UploadFileInput.d34a28df.css                              16.90 KiB / gzip: 3.29 KiB
public/build/assets/ApiDocs.5c1d28ba.css                                      0.05 KiB / gzip: 0.07 KiB
public/build/assets/Summary.aea3dd3c.css                                      0.04 KiB / gzip: 0.06 KiB
public/build/assets/main.768eba40.css                                         15.24 KiB / gzip: 2.95 KiB
public/build/assets/IndexSnapshot.cb32b0f1.css                                0.45 KiB / gzip: 0.23 KiB
public/build/assets/IndexComponent.8b3a4ee5.css                               0.50 KiB / gzip: 0.24 KiB
public/build/assets/MultiSelect.5c8bc91d.css                                  14.39 KiB / gzip: 2.84 KiB
public/build/assets/MultiSelect.vue_vue_type_style_index_0_lang.125d8edf.js   54.48 KiB / gzip: 17.39 KiB
public/build/assets/Edit.50f09480.js                                          92.50 KiB / gzip: 19.38 KiB
public/build/assets/EditItem.24978751.js                                      92.12 KiB / gzip: 18.58 KiB
public/build/assets/CustomerIndex.821978cb.js                                 148.45 KiB / gzip: 29.83 KiB
public/build/assets/app.4fc0b074.css                                          145.33 KiB / gzip: 23.69 KiB
public/build/assets/main.49eecb98.js                                          162.84 KiB / gzip: 43.04 KiB
public/build/assets/UploadFileInput.e3018dc4.js                               106.19 KiB / gzip: 35.02 KiB
public/build/assets/Summary.c887cae4.js                                       138.84 KiB / gzip: 32.87 KiB
public/build/assets/Graph.67b67025.js                                         237.54 KiB / gzip: 80.91 KiB
public/build/assets/app.9d944f9d.js                                           559.26 KiB / gzip: 159.29 KiB

(!) Some chunks are larger than 500 KiB after minification. Consider:
- Using dynamic import() to code-split the application
- Use build.rollupOptions.output.manualChunks to improve chunking: https://rollupjs.org/guide/en/#outputmanualchunks
- Adjust chunk size limit for this warning via build.chunkSizeWarningLimit.
